# JRE version: Java(TM) SE Runtime Environment (17.0.1+12) (build 17.0.1+12-LTS-39)
# Java VM: Java HotSpot(TM) 64-Bit Server VM (17.0.1+12-LTS-39, mixed mode, sharing, tiered, compressed oops, compressed class ptrs, g1 gc, windows-amd64)
GC Precious Log:
 CPUs: 16 total, 16 available
 Memory: 14204M
 Large Page Support: Disabled
 NUMA Support: Disabled
 Compressed Oops: Enabled (Zero based)
 Heap Region Size: 2M
 Heap Min Capacity: 8M
 Heap Initial Capacity: 222M
 Heap Max Capacity: 3552M
 Pre-touch: Disabled
 Parallel Workers: 13
 Concurrent Workers: 3
 Concurrent Refinement Workers: 13
 Periodic GC: Disabled
Heap:
 garbage-first heap   total 137216K, used 46871K [0x0000000722000000, 0x0000000800000000)
  region size 2048K, 12 young (24576K), 2 survivors (4096K)
 Metaspace       used 46026K, committed 46336K, reserved 1089536K
  class space    used 6147K, committed 6272K, reserved 1048576K
GC Heap History (20 events):
Event: 0.165 GC heap before
{Heap before GC invocations=0 (full 0):
 garbage-first heap   total 227328K, used 20480K [0x0000000722000000, 0x0000000800000000)
  region size 2048K, 11 young (22528K), 0 survivors (0K)
 Metaspace       used 733K, committed 896K, reserved 1056768K
  class space    used 57K, committed 128K, reserved 1048576K
}
Event: 0.167 GC heap after
{Heap after GC invocations=1 (full 0):
 garbage-first heap   total 227328K, used 1693K [0x0000000722000000, 0x0000000800000000)
  region size 2048K, 1 young (2048K), 1 survivors (2048K)
 Metaspace       used 733K, committed 896K, reserved 1056768K
  class space    used 57K, committed 128K, reserved 1048576K
}
Event: 0.473 GC heap before
{Heap before GC invocations=1 (full 0):
 garbage-first heap   total 227328K, used 40605K [0x0000000722000000, 0x0000000800000000)
  region size 2048K, 21 young (43008K), 1 survivors (2048K)
 Metaspace       used 2794K, committed 3008K, reserved 1056768K
  class space    used 283K, committed 384K, reserved 1048576K
}
Event: 0.475 GC heap after
{Heap after GC invocations=2 (full 0):
 garbage-first heap   total 227328K, used 2813K [0x0000000722000000, 0x0000000800000000)
  region size 2048K, 2 young (4096K), 2 survivors (4096K)
 Metaspace       used 2794K, committed 3008K, reserved 1056768K
  class space    used 283K, committed 384K, reserved 1048576K
}
Event: 1.487 GC heap before
{Heap before GC invocations=2 (full 0):
 garbage-first heap   total 227328K, used 70397K [0x0000000722000000, 0x0000000800000000)
  region size 2048K, 37 young (75776K), 2 survivors (4096K)
 Metaspace       used 21321K, committed 21504K, reserved 1073152K
  class space    used 2820K, committed 2944K, reserved 1048576K
}
Event: 1.492 GC heap after
{Heap after GC invocations=3 (full 0):
 garbage-first heap   total 227328K, used 8319K [0x0000000722000000, 0x0000000800000000)
  region size 2048K, 5 young (10240K), 5 survivors (10240K)
 Metaspace       used 21321K, committed 21504K, reserved 1073152K
  class space    used 2820K, committed 2944K, reserved 1048576K
}
Event: 1.863 GC heap before
{Heap before GC invocations=4 (full 0):
 garbage-first heap   total 40960K, used 30847K [0x0000000722000000, 0x0000000800000000)
  region size 2048K, 17 young (34816K), 5 survivors (10240K)
 Metaspace       used 29012K, committed 29312K, reserved 1081344K
  class space    used 3709K, committed 3840K, reserved 1048576K
}
Event: 1.868 GC heap after
{Heap after GC invocations=5 (full 0):
 garbage-first heap   total 45056K, used 10108K [0x0000000722000000, 0x0000000800000000)
  region size 2048K, 5 young (10240K), 5 survivors (10240K)
 Metaspace       used 29012K, committed 29312K, reserved 1081344K
  class space    used 3709K, committed 3840K, reserved 1048576K
}
Event: 2.033 GC heap before
{Heap before GC invocations=5 (full 0):
 garbage-first heap   total 45056K, used 26492K [0x0000000722000000, 0x0000000800000000)
  region size 2048K, 13 young (26624K), 5 survivors (10240K)
 Metaspace       used 32696K, committed 32960K, reserved 1081344K
  class space    used 4129K, committed 4224K, reserved 1048576K
}
Event: 2.038 GC heap after
{Heap after GC invocations=6 (full 0):
 garbage-first heap   total 45056K, used 10582K [0x0000000722000000, 0x0000000800000000)
  region size 2048K, 2 young (4096K), 2 survivors (4096K)
 Metaspace       used 32696K, committed 32960K, reserved 1081344K
  class space    used 4129K, committed 4224K, reserved 1048576K
}
Event: 2.304 GC heap before
{Heap before GC invocations=6 (full 0):
 garbage-first heap   total 45056K, used 29014K [0x0000000722000000, 0x0000000800000000)
  region size 2048K, 12 young (24576K), 2 survivors (4096K)
 Metaspace       used 35634K, committed 35904K, reserved 1081344K
  class space    used 4636K, committed 4736K, reserved 1048576K
}
Event: 2.306 GC heap after
{Heap after GC invocations=7 (full 0):
 garbage-first heap   total 45056K, used 11457K [0x0000000722000000, 0x0000000800000000)
  region size 2048K, 1 young (2048K), 1 survivors (2048K)
 Metaspace       used 35634K, committed 35904K, reserved 1081344K
  class space    used 4636K, committed 4736K, reserved 1048576K
}
Event: 2.313 GC heap before
{Heap before GC invocations=7 (full 0):
 garbage-first heap   total 45056K, used 11457K [0x0000000722000000, 0x0000000800000000)
  region size 2048K, 2 young (4096K), 1 survivors (2048K)
 Metaspace       used 35727K, committed 35968K, reserved 1081344K
  class space    used 4649K, committed 4736K, reserved 1048576K
}
Event: 2.314 GC heap after
{Heap after GC invocations=8 (full 0):
 garbage-first heap   total 45056K, used 11333K [0x0000000722000000, 0x0000000800000000)
  region size 2048K, 1 young (2048K), 1 survivors (2048K)
 Metaspace       used 35727K, committed 35968K, reserved 1081344K
  class space    used 4649K, committed 4736K, reserved 1048576K
}
Event: 2.585 GC heap before
{Heap before GC invocations=9 (full 0):
 garbage-first heap   total 45056K, used 33861K [0x0000000722000000, 0x0000000800000000)
  region size 2048K, 12 young (24576K), 1 survivors (2048K)
 Metaspace       used 40231K, committed 40512K, reserved 1089536K
  class space    used 5164K, committed 5312K, reserved 1048576K
}
Event: 2.587 GC heap after
{Heap after GC invocations=10 (full 0):
 garbage-first heap   total 45056K, used 12508K [0x0000000722000000, 0x0000000800000000)
  region size 2048K, 2 young (4096K), 2 survivors (4096K)
 Metaspace       used 40231K, committed 40512K, reserved 1089536K
  class space    used 5164K, committed 5312K, reserved 1048576K
}
Event: 2.591 GC heap before
{Heap before GC invocations=10 (full 0):
 garbage-first heap   total 45056K, used 12508K [0x0000000722000000, 0x0000000800000000)
  region size 2048K, 3 young (6144K), 2 survivors (4096K)
 Metaspace       used 40291K, committed 40576K, reserved 1089536K
  class space    used 5171K, committed 5312K, reserved 1048576K
}
Event: 2.593 GC heap after
{Heap after GC invocations=11 (full 0):
 garbage-first heap   total 45056K, used 12675K [0x0000000722000000, 0x0000000800000000)
  region size 2048K, 2 young (4096K), 2 survivors (4096K)
 Metaspace       used 40291K, committed 40576K, reserved 1089536K
  class space    used 5171K, committed 5312K, reserved 1048576K
}
Event: 2.864 GC heap before
{Heap before GC invocations=11 (full 0):
 garbage-first heap   total 45056K, used 35203K [0x0000000722000000, 0x0000000800000000)
  region size 2048K, 8 young (16384K), 2 survivors (4096K)
 Metaspace       used 42442K, committed 42752K, reserved 1089536K
  class space    used 5549K, committed 5696K, reserved 1048576K
}
Event: 2.866 GC heap after
{Heap after GC invocations=12 (full 0):
 garbage-first heap   total 137216K, used 26391K [0x0000000722000000, 0x0000000800000000)
  region size 2048K, 2 young (4096K), 2 survivors (4096K)
 Metaspace       used 42442K, committed 42752K, reserved 1089536K
  class space    used 5549K, committed 5696K, reserved 1048576K
}

