# JRE version: Java(TM) SE Runtime Environment (17.0.1+12) (build 17.0.1+12-LTS-39)
# Java VM: Java HotSpot(TM) 64-Bit Server VM (17.0.1+12-LTS-39, mixed mode, sharing, tiered, compressed oops, compressed class ptrs, g1 gc, windows-amd64)
GC Precious Log:
 CPUs: 16 total, 16 available
 Memory: 14204M
 Large Page Support: Disabled
 NUMA Support: Disabled
 Compressed Oops: Enabled (Zero based)
 Heap Region Size: 2M
 Heap Min Capacity: 8M
 Heap Initial Capacity: 222M
 Heap Max Capacity: 3552M
 Pre-touch: Disabled
 Parallel Workers: 13
 Concurrent Workers: 3
 Concurrent Refinement Workers: 13
 Periodic GC: Disabled
Heap:
 garbage-first heap   total 137216K, used 40926K [0x0000000722000000, 0x0000000800000000)
  region size 2048K, 9 young (18432K), 2 survivors (4096K)
 Metaspace       used 45589K, committed 45888K, reserved 1089536K
  class space    used 6069K, committed 6208K, reserved 1048576K
GC Heap History (20 events):
Event: 0.152 GC heap before
{Heap before GC invocations=0 (full 0):
 garbage-first heap   total 227328K, used 20480K [0x0000000722000000, 0x0000000800000000)
  region size 2048K, 11 young (22528K), 0 survivors (0K)
 Metaspace       used 383K, committed 576K, reserved 1056768K
  class space    used 18K, committed 128K, reserved 1048576K
}
Event: 0.154 GC heap after
{Heap after GC invocations=1 (full 0):
 garbage-first heap   total 227328K, used 1631K [0x0000000722000000, 0x0000000800000000)
  region size 2048K, 1 young (2048K), 1 survivors (2048K)
 Metaspace       used 383K, committed 576K, reserved 1056768K
  class space    used 18K, committed 128K, reserved 1048576K
}
Event: 0.798 GC heap before
{Heap before GC invocations=1 (full 0):
 garbage-first heap   total 227328K, used 40543K [0x0000000722000000, 0x0000000800000000)
  region size 2048K, 21 young (43008K), 1 survivors (2048K)
 Metaspace       used 3083K, committed 3264K, reserved 1056768K
  class space    used 317K, committed 384K, reserved 1048576K
}
Event: 0.801 GC heap after
{Heap after GC invocations=2 (full 0):
 garbage-first heap   total 227328K, used 2696K [0x0000000722000000, 0x0000000800000000)
  region size 2048K, 2 young (4096K), 2 survivors (4096K)
 Metaspace       used 3083K, committed 3264K, reserved 1056768K
  class space    used 317K, committed 384K, reserved 1048576K
}
Event: 2.122 GC heap before
{Heap before GC invocations=2 (full 0):
 garbage-first heap   total 227328K, used 74376K [0x0000000722000000, 0x0000000800000000)
  region size 2048K, 39 young (79872K), 2 survivors (4096K)
 Metaspace       used 21279K, committed 21504K, reserved 1073152K
  class space    used 2845K, committed 3008K, reserved 1048576K
}
Event: 2.129 GC heap after
{Heap after GC invocations=3 (full 0):
 garbage-first heap   total 227328K, used 9510K [0x0000000722000000, 0x0000000800000000)
  region size 2048K, 5 young (10240K), 5 survivors (10240K)
 Metaspace       used 21279K, committed 21504K, reserved 1073152K
  class space    used 2845K, committed 3008K, reserved 1048576K
}
Event: 2.636 GC heap before
{Heap before GC invocations=4 (full 0):
 garbage-first heap   total 40960K, used 29990K [0x0000000722000000, 0x0000000800000000)
  region size 2048K, 16 young (32768K), 5 survivors (10240K)
 Metaspace       used 28705K, committed 28992K, reserved 1081344K
  class space    used 3704K, committed 3840K, reserved 1048576K
}
Event: 2.644 GC heap after
{Heap after GC invocations=5 (full 0):
 garbage-first heap   total 45056K, used 11090K [0x0000000722000000, 0x0000000800000000)
  region size 2048K, 6 young (12288K), 6 survivors (12288K)
 Metaspace       used 28705K, committed 28992K, reserved 1081344K
  class space    used 3704K, committed 3840K, reserved 1048576K
}
Event: 2.870 GC heap before
{Heap before GC invocations=5 (full 0):
 garbage-first heap   total 45056K, used 23378K [0x0000000722000000, 0x0000000800000000)
  region size 2048K, 13 young (26624K), 6 survivors (12288K)
 Metaspace       used 31612K, committed 31936K, reserved 1081344K
  class space    used 4058K, committed 4224K, reserved 1048576K
}
Event: 2.877 GC heap after
{Heap after GC invocations=6 (full 0):
 garbage-first heap   total 45056K, used 12221K [0x0000000722000000, 0x0000000800000000)
  region size 2048K, 2 young (4096K), 2 survivors (4096K)
 Metaspace       used 31612K, committed 31936K, reserved 1081344K
  class space    used 4058K, committed 4224K, reserved 1048576K
}
Event: 3.284 GC heap before
{Heap before GC invocations=6 (full 0):
 garbage-first heap   total 45056K, used 30653K [0x0000000722000000, 0x0000000800000000)
  region size 2048K, 11 young (22528K), 2 survivors (4096K)
 Metaspace       used 35248K, committed 35584K, reserved 1081344K
  class space    used 4614K, committed 4800K, reserved 1048576K
}
Event: 3.287 GC heap after
{Heap after GC invocations=7 (full 0):
 garbage-first heap   total 45056K, used 12610K [0x0000000722000000, 0x0000000800000000)
  region size 2048K, 1 young (2048K), 1 survivors (2048K)
 Metaspace       used 35248K, committed 35584K, reserved 1081344K
  class space    used 4614K, committed 4800K, reserved 1048576K
}
Event: 3.387 GC heap before
{Heap before GC invocations=7 (full 0):
 garbage-first heap   total 45056K, used 16706K [0x0000000722000000, 0x0000000800000000)
  region size 2048K, 4 young (8192K), 1 survivors (2048K)
 Metaspace       used 35709K, committed 35968K, reserved 1081344K
  class space    used 4649K, committed 4800K, reserved 1048576K
}
Event: 3.390 GC heap after
{Heap after GC invocations=8 (full 0):
 garbage-first heap   total 45056K, used 12489K [0x0000000722000000, 0x0000000800000000)
  region size 2048K, 1 young (2048K), 1 survivors (2048K)
 Metaspace       used 35709K, committed 35968K, reserved 1081344K
  class space    used 4649K, committed 4800K, reserved 1048576K
}
Event: 3.697 GC heap before
{Heap before GC invocations=9 (full 0):
 garbage-first heap   total 45056K, used 30921K [0x0000000722000000, 0x0000000800000000)
  region size 2048K, 11 young (22528K), 1 survivors (2048K)
 Metaspace       used 39708K, committed 40000K, reserved 1089536K
  class space    used 5125K, committed 5248K, reserved 1048576K
}
Event: 3.699 GC heap after
{Heap after GC invocations=10 (full 0):
 garbage-first heap   total 45056K, used 13443K [0x0000000722000000, 0x0000000800000000)
  region size 2048K, 2 young (4096K), 2 survivors (4096K)
 Metaspace       used 39708K, committed 40000K, reserved 1089536K
  class space    used 5125K, committed 5248K, reserved 1048576K
}
Event: 3.866 GC heap before
{Heap before GC invocations=10 (full 0):
 garbage-first heap   total 45056K, used 17539K [0x0000000722000000, 0x0000000800000000)
  region size 2048K, 5 young (10240K), 2 survivors (4096K)
 Metaspace       used 40624K, committed 40960K, reserved 1089536K
  class space    used 5234K, committed 5376K, reserved 1048576K
}
Event: 3.869 GC heap after
{Heap after GC invocations=11 (full 0):
 garbage-first heap   total 45056K, used 13684K [0x0000000722000000, 0x0000000800000000)
  region size 2048K, 2 young (4096K), 2 survivors (4096K)
 Metaspace       used 40624K, committed 40960K, reserved 1089536K
  class space    used 5234K, committed 5376K, reserved 1048576K
}
Event: 4.345 GC heap before
{Heap before GC invocations=11 (full 0):
 garbage-first heap   total 45056K, used 34164K [0x0000000722000000, 0x0000000800000000)
  region size 2048K, 8 young (16384K), 2 survivors (4096K)
 Metaspace       used 43294K, committed 43584K, reserved 1089536K
  class space    used 5747K, committed 5888K, reserved 1048576K
}
Event: 4.347 GC heap after
{Heap after GC invocations=12 (full 0):
 garbage-first heap   total 137216K, used 26590K [0x0000000722000000, 0x0000000800000000)
  region size 2048K, 2 young (4096K), 2 survivors (4096K)
 Metaspace       used 43294K, committed 43584K, reserved 1089536K
  class space    used 5747K, committed 5888K, reserved 1048576K
}

