# JRE version: Java(TM) SE Runtime Environment (17.0.1+12) (build 17.0.1+12-LTS-39)
# Java VM: Java HotSpot(TM) 64-Bit Server VM (17.0.1+12-LTS-39, mixed mode, sharing, tiered, compressed oops, compressed class ptrs, g1 gc, windows-amd64)
GC Precious Log:
 CPUs: 16 total, 16 available
 Memory: 14204M
 Large Page Support: Disabled
 NUMA Support: Disabled
 Compressed Oops: Enabled (Zero based)
 Heap Region Size: 2M
 Heap Min Capacity: 8M
 Heap Initial Capacity: 222M
 Heap Max Capacity: 3552M
 Pre-touch: Disabled
 Parallel Workers: 13
 Concurrent Workers: 3
 Concurrent Refinement Workers: 13
 Periodic GC: Disabled
Heap:
 garbage-first heap   total 137216K, used 54748K [0x0000000722000000, 0x0000000800000000)
  region size 2048K, 15 young (30720K), 1 survivors (2048K)
 Metaspace       used 45883K, committed 46208K, reserved 1089536K
  class space    used 6132K, committed 6272K, reserved 1048576K
GC Heap History (18 events):
Event: 0.174 GC heap before
{Heap before GC invocations=0 (full 0):
 garbage-first heap   total 227328K, used 20480K [0x0000000722000000, 0x0000000800000000)
  region size 2048K, 11 young (22528K), 0 survivors (0K)
 Metaspace       used 383K, committed 576K, reserved 1056768K
  class space    used 18K, committed 128K, reserved 1048576K
}
Event: 0.176 GC heap after
{Heap after GC invocations=1 (full 0):
 garbage-first heap   total 227328K, used 1631K [0x0000000722000000, 0x0000000800000000)
  region size 2048K, 1 young (2048K), 1 survivors (2048K)
 Metaspace       used 383K, committed 576K, reserved 1056768K
  class space    used 18K, committed 128K, reserved 1048576K
}
Event: 1.116 GC heap before
{Heap before GC invocations=1 (full 0):
 garbage-first heap   total 227328K, used 40543K [0x0000000722000000, 0x0000000800000000)
  region size 2048K, 21 young (43008K), 1 survivors (2048K)
 Metaspace       used 2976K, committed 3136K, reserved 1056768K
  class space    used 304K, committed 384K, reserved 1048576K
}
Event: 1.119 GC heap after
{Heap after GC invocations=2 (full 0):
 garbage-first heap   total 227328K, used 2688K [0x0000000722000000, 0x0000000800000000)
  region size 2048K, 2 young (4096K), 2 survivors (4096K)
 Metaspace       used 2976K, committed 3136K, reserved 1056768K
  class space    used 304K, committed 384K, reserved 1048576K
}
Event: 2.607 GC heap before
{Heap before GC invocations=2 (full 0):
 garbage-first heap   total 227328K, used 72320K [0x0000000722000000, 0x0000000800000000)
  region size 2048K, 38 young (77824K), 2 survivors (4096K)
 Metaspace       used 21279K, committed 21504K, reserved 1073152K
  class space    used 2845K, committed 3008K, reserved 1048576K
}
Event: 2.613 GC heap after
{Heap after GC invocations=3 (full 0):
 garbage-first heap   total 227328K, used 9415K [0x0000000722000000, 0x0000000800000000)
  region size 2048K, 5 young (10240K), 5 survivors (10240K)
 Metaspace       used 21279K, committed 21504K, reserved 1073152K
  class space    used 2845K, committed 3008K, reserved 1048576K
}
Event: 3.142 GC heap before
{Heap before GC invocations=4 (full 0):
 garbage-first heap   total 40960K, used 31943K [0x0000000722000000, 0x0000000800000000)
  region size 2048K, 17 young (34816K), 5 survivors (10240K)
 Metaspace       used 29151K, committed 29376K, reserved 1081344K
  class space    used 3747K, committed 3840K, reserved 1048576K
}
Event: 3.150 GC heap after
{Heap after GC invocations=5 (full 0):
 garbage-first heap   total 47104K, used 11291K [0x0000000722000000, 0x0000000800000000)
  region size 2048K, 6 young (12288K), 6 survivors (12288K)
 Metaspace       used 29151K, committed 29376K, reserved 1081344K
  class space    used 3747K, committed 3840K, reserved 1048576K
}
Event: 3.356 GC heap before
{Heap before GC invocations=5 (full 0):
 garbage-first heap   total 47104K, used 25627K [0x0000000722000000, 0x0000000800000000)
  region size 2048K, 13 young (26624K), 6 survivors (12288K)
 Metaspace       used 32000K, committed 32320K, reserved 1081344K
  class space    used 4099K, committed 4288K, reserved 1048576K
}
Event: 3.363 GC heap after
{Heap after GC invocations=6 (full 0):
 garbage-first heap   total 47104K, used 12023K [0x0000000722000000, 0x0000000800000000)
  region size 2048K, 2 young (4096K), 2 survivors (4096K)
 Metaspace       used 32000K, committed 32320K, reserved 1081344K
  class space    used 4099K, committed 4288K, reserved 1048576K
}
Event: 3.763 GC heap before
{Heap before GC invocations=6 (full 0):
 garbage-first heap   total 47104K, used 32503K [0x0000000722000000, 0x0000000800000000)
  region size 2048K, 12 young (24576K), 2 survivors (4096K)
 Metaspace       used 35379K, committed 35712K, reserved 1081344K
  class space    used 4617K, committed 4800K, reserved 1048576K
}
Event: 3.767 GC heap after
{Heap after GC invocations=7 (full 0):
 garbage-first heap   total 47104K, used 12804K [0x0000000722000000, 0x0000000800000000)
  region size 2048K, 1 young (2048K), 1 survivors (2048K)
 Metaspace       used 35379K, committed 35712K, reserved 1081344K
  class space    used 4617K, committed 4800K, reserved 1048576K
}
Event: 3.796 GC heap before
{Heap before GC invocations=7 (full 0):
 garbage-first heap   total 47104K, used 12804K [0x0000000722000000, 0x0000000800000000)
  region size 2048K, 2 young (4096K), 1 survivors (2048K)
 Metaspace       used 35707K, committed 35968K, reserved 1081344K
  class space    used 4647K, committed 4800K, reserved 1048576K
}
Event: 3.798 GC heap after
{Heap after GC invocations=8 (full 0):
 garbage-first heap   total 47104K, used 12689K [0x0000000722000000, 0x0000000800000000)
  region size 2048K, 1 young (2048K), 1 survivors (2048K)
 Metaspace       used 35707K, committed 35968K, reserved 1081344K
  class space    used 4647K, committed 4800K, reserved 1048576K
}
Event: 4.168 GC heap before
{Heap before GC invocations=9 (full 0):
 garbage-first heap   total 47104K, used 35217K [0x0000000722000000, 0x0000000800000000)
  region size 2048K, 12 young (24576K), 1 survivors (2048K)
 Metaspace       used 40145K, committed 40448K, reserved 1089536K
  class space    used 5177K, committed 5312K, reserved 1048576K
}
Event: 4.172 GC heap after
{Heap after GC invocations=10 (full 0):
 garbage-first heap   total 47104K, used 13652K [0x0000000722000000, 0x0000000800000000)
  region size 2048K, 2 young (4096K), 2 survivors (4096K)
 Metaspace       used 40145K, committed 40448K, reserved 1089536K
  class space    used 5177K, committed 5312K, reserved 1048576K
}
Event: 4.343 GC heap before
{Heap before GC invocations=10 (full 0):
 garbage-first heap   total 47104K, used 15700K [0x0000000722000000, 0x0000000800000000)
  region size 2048K, 4 young (8192K), 2 survivors (4096K)
 Metaspace       used 40623K, committed 40960K, reserved 1089536K
  class space    used 5231K, committed 5376K, reserved 1048576K
}
Event: 4.345 GC heap after
{Heap after GC invocations=11 (full 0):
 garbage-first heap   total 137216K, used 13788K [0x0000000722000000, 0x0000000800000000)
  region size 2048K, 1 young (2048K), 1 survivors (2048K)
 Metaspace       used 40623K, committed 40960K, reserved 1089536K
  class space    used 5231K, committed 5376K, reserved 1048576K
}

