# JRE version: OpenJDK Runtime Environment Zulu17.30+15-CA (17.0.1+12) (build 17.0.1+12-LTS)
# Java VM: OpenJDK 64-Bit Server VM Zulu17.30+15-CA (17.0.1+12-LTS, mixed mode, sharing, tiered, compressed oops, compressed class ptrs, g1 gc, windows-amd64)
GC Precious Log:
 CPUs: 4 total, 4 available
 Memory: 8060M
 Large Page Support: Disabled
 NUMA Support: Disabled
 Compressed Oops: Enabled (32-bit)
 Heap Region Size: 1M
 Heap Min Capacity: 8M
 Heap Initial Capacity: 126M
 Heap Max Capacity: 2016M
 Pre-touch: Disabled
 Parallel Workers: 4
 Concurrent Workers: 1
 Concurrent Refinement Workers: 4
 Periodic GC: Disabled
Heap:
 garbage-first heap   total 71680K, used 52867K [0x0000000082000000, 0x0000000100000000)
  region size 1024K, 26 young (26624K), 2 survivors (2048K)
 Metaspace       used 45415K, committed 45696K, reserved 1089536K
  class space    used 6065K, committed 6208K, reserved 1048576K
GC Heap History (20 events):
Event: 1.185 GC heap before
{Heap before GC invocations=0 (full 0):
 garbage-first heap   total 129024K, used 13312K [0x0000000082000000, 0x0000000100000000)
  region size 1024K, 13 young (13312K), 0 survivors (0K)
 Metaspace       used 735K, committed 896K, reserved 1056768K
  class space    used 57K, committed 128K, reserved 1048576K
}
Event: 1.210 GC heap after
{Heap after GC invocations=1 (full 0):
 garbage-first heap   total 129024K, used 1958K [0x0000000082000000, 0x0000000100000000)
  region size 1024K, 1 young (1024K), 1 survivors (1024K)
 Metaspace       used 735K, committed 896K, reserved 1056768K
  class space    used 57K, committed 128K, reserved 1048576K
}
Event: 1.244 GC heap before
{Heap before GC invocations=1 (full 0):
 garbage-first heap   total 129024K, used 20390K [0x0000000082000000, 0x0000000100000000)
  region size 1024K, 20 young (20480K), 1 survivors (1024K)
 Metaspace       used 735K, committed 896K, reserved 1056768K
  class space    used 57K, committed 128K, reserved 1048576K
}
Event: 1.247 GC heap after
{Heap after GC invocations=2 (full 0):
 garbage-first heap   total 129024K, used 2020K [0x0000000082000000, 0x0000000100000000)
  region size 1024K, 1 young (1024K), 1 survivors (1024K)
 Metaspace       used 735K, committed 896K, reserved 1056768K
  class space    used 57K, committed 128K, reserved 1048576K
}
Event: 6.584 GC heap before
{Heap before GC invocations=2 (full 0):
 garbage-first heap   total 129024K, used 77796K [0x0000000082000000, 0x0000000100000000)
  region size 1024K, 75 young (76800K), 1 survivors (1024K)
 Metaspace       used 14247K, committed 14464K, reserved 1064960K
  class space    used 1870K, committed 1984K, reserved 1048576K
}
Event: 6.635 GC heap after
{Heap after GC invocations=3 (full 0):
 garbage-first heap   total 129024K, used 8434K [0x0000000082000000, 0x0000000100000000)
  region size 1024K, 8 young (8192K), 8 survivors (8192K)
 Metaspace       used 14247K, committed 14464K, reserved 1064960K
  class space    used 1870K, committed 1984K, reserved 1048576K
}
Event: 7.699 GC heap before
{Heap before GC invocations=3 (full 0):
 garbage-first heap   total 129024K, used 30962K [0x0000000082000000, 0x0000000100000000)
  region size 1024K, 31 young (31744K), 8 survivors (8192K)
 Metaspace       used 21264K, committed 21504K, reserved 1073152K
  class space    used 2856K, committed 3008K, reserved 1048576K
}
Event: 7.712 GC heap after
{Heap after GC invocations=4 (full 0):
 garbage-first heap   total 129024K, used 10800K [0x0000000082000000, 0x0000000100000000)
  region size 1024K, 2 young (2048K), 2 survivors (2048K)
 Metaspace       used 21264K, committed 21504K, reserved 1073152K
  class space    used 2856K, committed 3008K, reserved 1048576K
}
Event: 9.077 GC heap before
{Heap before GC invocations=5 (full 0):
 garbage-first heap   total 40960K, used 33328K [0x0000000082000000, 0x0000000100000000)
  region size 1024K, 24 young (24576K), 2 survivors (2048K)
 Metaspace       used 29114K, committed 29376K, reserved 1081344K
  class space    used 3756K, committed 3840K, reserved 1048576K
}
Event: 9.082 GC heap after
{Heap after GC invocations=6 (full 0):
 garbage-first heap   total 40960K, used 12181K [0x0000000082000000, 0x0000000100000000)
  region size 1024K, 2 young (2048K), 2 survivors (2048K)
 Metaspace       used 29114K, committed 29376K, reserved 1081344K
  class space    used 3756K, committed 3840K, reserved 1048576K
}
Event: 9.101 GC heap before
{Heap before GC invocations=6 (full 0):
 garbage-first heap   total 40960K, used 12181K [0x0000000082000000, 0x0000000100000000)
  region size 1024K, 3 young (3072K), 2 survivors (2048K)
 Metaspace       used 29277K, committed 29568K, reserved 1081344K
  class space    used 3790K, committed 3904K, reserved 1048576K
}
Event: 9.105 GC heap after
{Heap after GC invocations=7 (full 0):
 garbage-first heap   total 40960K, used 12597K [0x0000000082000000, 0x0000000100000000)
  region size 1024K, 1 young (1024K), 1 survivors (1024K)
 Metaspace       used 29277K, committed 29568K, reserved 1081344K
  class space    used 3790K, committed 3904K, reserved 1048576K
}
Event: 9.755 GC heap before
{Heap before GC invocations=7 (full 0):
 garbage-first heap   total 40960K, used 30005K [0x0000000082000000, 0x0000000100000000)
  region size 1024K, 19 young (19456K), 1 survivors (1024K)
 Metaspace       used 33421K, committed 33728K, reserved 1081344K
  class space    used 4315K, committed 4480K, reserved 1048576K
}
Event: 9.758 GC heap after
{Heap after GC invocations=8 (full 0):
 garbage-first heap   total 40960K, used 13063K [0x0000000082000000, 0x0000000100000000)
  region size 1024K, 1 young (1024K), 1 survivors (1024K)
 Metaspace       used 33421K, committed 33728K, reserved 1081344K
  class space    used 4315K, committed 4480K, reserved 1048576K
}
Event: 10.890 GC heap before
{Heap before GC invocations=8 (full 0):
 garbage-first heap   total 40960K, used 29447K [0x0000000082000000, 0x0000000100000000)
  region size 1024K, 19 young (19456K), 1 survivors (1024K)
 Metaspace       used 35795K, committed 36096K, reserved 1081344K
  class space    used 4703K, committed 4864K, reserved 1048576K
}
Event: 10.893 GC heap after
{Heap after GC invocations=9 (full 0):
 garbage-first heap   total 40960K, used 13637K [0x0000000082000000, 0x0000000100000000)
  region size 1024K, 2 young (2048K), 2 survivors (2048K)
 Metaspace       used 35795K, committed 36096K, reserved 1081344K
  class space    used 4703K, committed 4864K, reserved 1048576K
}
Event: 11.412 GC heap before
{Heap before GC invocations=10 (full 0):
 garbage-first heap   total 40960K, used 31045K [0x0000000082000000, 0x0000000100000000)
  region size 1024K, 20 young (20480K), 2 survivors (2048K)
 Metaspace       used 39353K, committed 39616K, reserved 1089536K
  class space    used 5109K, committed 5248K, reserved 1048576K
}
Event: 11.416 GC heap after
{Heap after GC invocations=11 (full 0):
 garbage-first heap   total 40960K, used 14632K [0x0000000082000000, 0x0000000100000000)
  region size 1024K, 3 young (3072K), 3 survivors (3072K)
 Metaspace       used 39353K, committed 39616K, reserved 1089536K
  class space    used 5109K, committed 5248K, reserved 1048576K
}
Event: 11.760 GC heap before
{Heap before GC invocations=11 (full 0):
 garbage-first heap   total 40960K, used 18728K [0x0000000082000000, 0x0000000100000000)
  region size 1024K, 8 young (8192K), 3 survivors (3072K)
 Metaspace       used 40338K, committed 40576K, reserved 1089536K
  class space    used 5233K, committed 5376K, reserved 1048576K
}
Event: 11.765 GC heap after
{Heap after GC invocations=12 (full 0):
 garbage-first heap   total 71680K, used 14979K [0x0000000082000000, 0x0000000100000000)
  region size 1024K, 2 young (2048K), 2 survivors (2048K)
 Metaspace       used 40338K, committed 40576K, reserved 1089536K
  class space    used 5233K, committed 5376K, reserved 1048576K
}

